1600565368.073067 client started (10345): version 3.0a, socket /tmp//tmux-502/default, protocol 8
1600565368.073117 on Darwin 19.6.0 Darwin Kernel Version 19.6.0: Sun Jul  5 00:43:10 PDT 2020; root:xnu-6153.141.1~9/RELEASE_X86_64; libevent 2.1.11-stable (select)
1600565368.073155 socket is /tmp//tmux-502/default
1600565368.073174 trying connect
1600565368.074355 add peer 0x7fe338531000: 6 (0x0)
1600565368.075701 sending message 100 to peer 0x7fe338531000 (4 bytes)
1600565368.075722 sending message 101 to peer 0x7fe338531000 (14 bytes)
1600565368.075730 sending message 102 to peer 0x7fe338531000 (13 bytes)
1600565368.075737 sending message 108 to peer 0x7fe338531000 (71 bytes)
1600565368.075750 sending message 104 to peer 0x7fe338531000 (0 bytes)
1600565368.075757 sending message 107 to peer 0x7fe338531000 (4 bytes)
1600565368.075764 sending message 105 to peer 0x7fe338531000 (29 bytes)
1600565368.075770 sending message 105 to peer 0x7fe338531000 (70 bytes)
1600565368.075776 sending message 105 to peer 0x7fe338531000 (19 bytes)
1600565368.075782 sending message 105 to peer 0x7fe338531000 (15 bytes)
1600565368.075788 sending message 105 to peer 0x7fe338531000 (20 bytes)
1600565368.075797 sending message 105 to peer 0x7fe338531000 (56 bytes)
1600565368.075804 sending message 105 to peer 0x7fe338531000 (12 bytes)
1600565368.075810 sending message 105 to peer 0x7fe338531000 (86 bytes)
1600565368.075816 sending message 105 to peer 0x7fe338531000 (27 bytes)
1600565368.075822 sending message 105 to peer 0x7fe338531000 (17 bytes)
1600565368.075828 sending message 105 to peer 0x7fe338531000 (61 bytes)
1600565368.075834 sending message 105 to peer 0x7fe338531000 (21 bytes)
1600565368.075840 sending message 105 to peer 0x7fe338531000 (19 bytes)
1600565368.075846 sending message 105 to peer 0x7fe338531000 (27 bytes)
1600565368.075852 sending message 105 to peer 0x7fe338531000 (8 bytes)
1600565368.075859 sending message 105 to peer 0x7fe338531000 (23 bytes)
1600565368.075865 sending message 105 to peer 0x7fe338531000 (32 bytes)
1600565368.075871 sending message 105 to peer 0x7fe338531000 (54 bytes)
1600565368.075877 sending message 105 to peer 0x7fe338531000 (62 bytes)
1600565368.075883 sending message 105 to peer 0x7fe338531000 (16 bytes)
1600565368.075889 sending message 105 to peer 0x7fe338531000 (35 bytes)
1600565368.075895 sending message 105 to peer 0x7fe338531000 (78 bytes)
1600565368.075901 sending message 105 to peer 0x7fe338531000 (11 bytes)
1600565368.075907 sending message 105 to peer 0x7fe338531000 (730 bytes)
1600565368.075913 sending message 105 to peer 0x7fe338531000 (75 bytes)
1600565368.075920 sending message 105 to peer 0x7fe338531000 (24 bytes)
1600565368.075926 sending message 105 to peer 0x7fe338531000 (25 bytes)
1600565368.075932 sending message 105 to peer 0x7fe338531000 (8 bytes)
1600565368.075938 sending message 105 to peer 0x7fe338531000 (22 bytes)
1600565368.075944 sending message 105 to peer 0x7fe338531000 (102 bytes)
1600565368.075950 sending message 105 to peer 0x7fe338531000 (25 bytes)
1600565368.075956 sending message 105 to peer 0x7fe338531000 (66 bytes)
1600565368.075962 sending message 105 to peer 0x7fe338531000 (19 bytes)
1600565368.075970 sending message 105 to peer 0x7fe338531000 (23 bytes)
1600565368.075977 sending message 105 to peer 0x7fe338531000 (28 bytes)
1600565368.075983 sending message 105 to peer 0x7fe338531000 (60 bytes)
1600565368.075989 sending message 105 to peer 0x7fe338531000 (57 bytes)
1600565368.075995 sending message 105 to peer 0x7fe338531000 (36 bytes)
1600565368.076001 sending message 105 to peer 0x7fe338531000 (14 bytes)
1600565368.076007 sending message 105 to peer 0x7fe338531000 (62 bytes)
1600565368.076013 sending message 105 to peer 0x7fe338531000 (20 bytes)
1600565368.076019 sending message 105 to peer 0x7fe338531000 (14 bytes)
1600565368.076026 sending message 105 to peer 0x7fe338531000 (19 bytes)
1600565368.076032 sending message 105 to peer 0x7fe338531000 (37 bytes)
1600565368.076038 sending message 105 to peer 0x7fe338531000 (74 bytes)
1600565368.076044 sending message 105 to peer 0x7fe338531000 (32 bytes)
1600565368.076062 sending message 105 to peer 0x7fe338531000 (82 bytes)
1600565368.076066 sending message 105 to peer 0x7fe338531000 (17 bytes)
1600565368.076070 sending message 105 to peer 0x7fe338531000 (19 bytes)
1600565368.076074 sending message 105 to peer 0x7fe338531000 (22 bytes)
1600565368.076078 sending message 106 to peer 0x7fe338531000 (0 bytes)
1600565368.076085 sending message 200 to peer 0x7fe338531000 (4 bytes)
1600565368.076089 client loop enter
1600565368.076310 peer 0x7fe338531000 message 211
1600565368.076318 client_write: sessions should be nested with care, unset $TMUX to force\n
1600565368.076332 peer 0x7fe338531000 message 203
1600565368.076337 client loop exit
